Info: Starting: Create simulation model
Info: qsys-generate /home/jvctr/0/POLIno_qsys/quartus_project/sys.qsys --simulation=VERILOG --allow-mixed-language-simulation --output-directory=/home/jvctr/0/POLIno_qsys/quartus_project/sys/simulation --family="Cyclone V" --part=5CSEMA5F31C6
Progress: Loading quartus_project/sys.qsys
Progress: Reading input file
Progress: Adding GPIO_A_R [altera_avalon_pio 24.1]
Progress: Parameterizing module GPIO_A_R
Progress: Adding GPIO_A_S [altera_avalon_pio 24.1]
Progress: Parameterizing module GPIO_A_S
Progress: Adding GPIO_A_W [altera_avalon_pio 24.1]
Progress: Parameterizing module GPIO_A_W
Progress: Adding GPIO_B_R [altera_avalon_pio 24.1]
Progress: Parameterizing module GPIO_B_R
Progress: Adding GPIO_B_S [altera_avalon_pio 24.1]
Progress: Parameterizing module GPIO_B_S
Progress: Adding GPIO_B_W [altera_avalon_pio 24.1]
Progress: Parameterizing module GPIO_B_W
Progress: Adding GPIO_C0_W [altera_avalon_pio 24.1]
Progress: Parameterizing module GPIO_C0_W
Progress: Adding GPIO_C1_W [altera_avalon_pio 24.1]
Progress: Parameterizing module GPIO_C1_W
Progress: Adding GPIO_C2_W [altera_avalon_pio 24.1]
Progress: Parameterizing module GPIO_C2_W
Progress: Adding GPIO_C_R [altera_avalon_pio 24.1]
Progress: Parameterizing module GPIO_C_R
Progress: Adding clk_0 [clock_source 24.1]
Progress: Parameterizing module clk_0
Progress: Adding jtag_uart_0 [altera_avalon_jtag_uart 24.1]
Progress: Parameterizing module jtag_uart_0
Progress: Adding master_0 [altera_jtag_avalon_master 24.1]
Progress: Parameterizing module master_0
Progress: Adding onchip_memory2_0 [altera_avalon_onchip_memory2 24.1]
Progress: Parameterizing module onchip_memory2_0
Progress: Adding pulpino_0 [pulpino 1.0]
Progress: Parameterizing module pulpino_0
Progress: Adding timer_0 [altera_avalon_timer 24.1]
Progress: Parameterizing module timer_0
Progress: Building connections
Progress: Parameterizing connections
Progress: Validating
Progress: Done reading input file
Info: sys.GPIO_A_R: PIO inputs are not hardwired in test bench. Undefined values will be read from PIO inputs during simulation.
Info: sys.GPIO_B_R: PIO inputs are not hardwired in test bench. Undefined values will be read from PIO inputs during simulation.
Info: sys.GPIO_C_R: PIO inputs are not hardwired in test bench. Undefined values will be read from PIO inputs during simulation.
Info: sys.jtag_uart_0: JTAG UART IP input clock need to be at least double (2x) the operating frequency of JTAG TCK on board
Info: sys: Generating "sys" for SIM_VERILOG
Info: Interconnect is inserted between master pulpino_0.avalon_master_instr and slave onchip_memory2_0.s1 because the master has address signal 32 bit wide, but the slave is 13 bit wide.
Info: Interconnect is inserted between master pulpino_0.avalon_master_instr and slave onchip_memory2_0.s1 because the master has read signal 1 bit wide, but the slave is 0 bit wide.
Info: Interconnect is inserted between master pulpino_0.avalon_master_instr and slave onchip_memory2_0.s1 because the master has readdatavalid signal 1 bit wide, but the slave is 0 bit wide.
Info: Interconnect is inserted between master pulpino_0.avalon_master_instr and slave onchip_memory2_0.s1 because the master has waitrequest signal 1 bit wide, but the slave is 0 bit wide.
Info: GPIO_A_R: Starting RTL generation for module 'sys_GPIO_A_R'
Info: GPIO_A_R:   Generation command is [exec /opt/intelFPGA/24.1/quartus/linux64/perl/bin/perl -I /opt/intelFPGA/24.1/quartus/linux64/perl/lib -I /opt/intelFPGA/24.1/quartus/sopc_builder/bin/europa -I /opt/intelFPGA/24.1/quartus/sopc_builder/bin -I /opt/intelFPGA/24.1/quartus/../ip/altera/sopc_builder_ip/common -I /opt/intelFPGA/24.1/quartus/../ip/altera/sopc_builder_ip/altera_avalon_pio -- /opt/intelFPGA/24.1/quartus/../ip/altera/sopc_builder_ip/altera_avalon_pio/generate_rtl.pl --name=sys_GPIO_A_R --dir=/tmp/alt0414_63330097925200247.dir/0002_GPIO_A_R_gen/ --quartus_dir=/opt/intelFPGA/24.1/quartus --verilog --config=/tmp/alt0414_63330097925200247.dir/0002_GPIO_A_R_gen//sys_GPIO_A_R_component_configuration.pl  --do_build_sim=1    --sim_dir=/tmp/alt0414_63330097925200247.dir/0002_GPIO_A_R_gen/  ]
Info: GPIO_A_R: Done RTL generation for module 'sys_GPIO_A_R'
Info: GPIO_A_R: "sys" instantiated altera_avalon_pio "GPIO_A_R"
Info: GPIO_A_S: Starting RTL generation for module 'sys_GPIO_A_S'
Info: GPIO_A_S:   Generation command is [exec /opt/intelFPGA/24.1/quartus/linux64/perl/bin/perl -I /opt/intelFPGA/24.1/quartus/linux64/perl/lib -I /opt/intelFPGA/24.1/quartus/sopc_builder/bin/europa -I /opt/intelFPGA/24.1/quartus/sopc_builder/bin -I /opt/intelFPGA/24.1/quartus/../ip/altera/sopc_builder_ip/common -I /opt/intelFPGA/24.1/quartus/../ip/altera/sopc_builder_ip/altera_avalon_pio -- /opt/intelFPGA/24.1/quartus/../ip/altera/sopc_builder_ip/altera_avalon_pio/generate_rtl.pl --name=sys_GPIO_A_S --dir=/tmp/alt0414_63330097925200247.dir/0003_GPIO_A_S_gen/ --quartus_dir=/opt/intelFPGA/24.1/quartus --verilog --config=/tmp/alt0414_63330097925200247.dir/0003_GPIO_A_S_gen//sys_GPIO_A_S_component_configuration.pl  --do_build_sim=1    --sim_dir=/tmp/alt0414_63330097925200247.dir/0003_GPIO_A_S_gen/  ]
Info: GPIO_A_S: Done RTL generation for module 'sys_GPIO_A_S'
Info: GPIO_A_S: "sys" instantiated altera_avalon_pio "GPIO_A_S"
Info: jtag_uart_0: "sys" instantiated altera_avalon_jtag_uart "jtag_uart_0"
Info: master_0: "sys" instantiated altera_jtag_avalon_master "master_0"
Info: onchip_memory2_0: Starting RTL generation for module 'sys_onchip_memory2_0'
Info: onchip_memory2_0:   Generation command is [exec /opt/intelFPGA/24.1/quartus/linux64/perl/bin/perl -I /opt/intelFPGA/24.1/quartus/linux64/perl/lib -I /opt/intelFPGA/24.1/quartus/sopc_builder/bin/europa -I /opt/intelFPGA/24.1/quartus/sopc_builder/bin -I /opt/intelFPGA/24.1/quartus/../ip/altera/sopc_builder_ip/common -I /opt/intelFPGA/24.1/quartus/../ip/altera/sopc_builder_ip/altera_avalon_onchip_memory2 -- /opt/intelFPGA/24.1/quartus/../ip/altera/sopc_builder_ip/altera_avalon_onchip_memory2/generate_rtl.pl --name=sys_onchip_memory2_0 --dir=/tmp/alt0414_63330097925200247.dir/0005_onchip_memory2_0_gen/ --quartus_dir=/opt/intelFPGA/24.1/quartus --verilog --config=/tmp/alt0414_63330097925200247.dir/0005_onchip_memory2_0_gen//sys_onchip_memory2_0_component_configuration.pl  --do_build_sim=1    --sim_dir=/tmp/alt0414_63330097925200247.dir/0005_onchip_memory2_0_gen/  ]
Info: onchip_memory2_0: Done RTL generation for module 'sys_onchip_memory2_0'
Info: onchip_memory2_0: "sys" instantiated altera_avalon_onchip_memory2 "onchip_memory2_0"
Info: pulpino_0: "sys" instantiated pulpino "pulpino_0"
Info: timer_0: Starting RTL generation for module 'sys_timer_0'
Info: timer_0:   Generation command is [exec /mnt/ssd2/file_storage/programas_grandes/intelFPGA/24.1/quartus/linux64//perl/bin/perl -I /mnt/ssd2/file_storage/programas_grandes/intelFPGA/24.1/quartus/linux64//perl/lib -I /opt/intelFPGA/24.1/quartus/sopc_builder/bin/europa -I /opt/intelFPGA/24.1/quartus/sopc_builder/bin -I /opt/intelFPGA/24.1/quartus/../ip/altera/sopc_builder_ip/common -I /opt/intelFPGA/24.1/quartus/../ip/altera/sopc_builder_ip/altera_avalon_timer -- /opt/intelFPGA/24.1/quartus/../ip/altera/sopc_builder_ip/altera_avalon_timer/generate_rtl.pl --name=sys_timer_0 --dir=/tmp/alt0414_63330097925200247.dir/0007_timer_0_gen/ --quartus_dir=/opt/intelFPGA/24.1/quartus --verilog --config=/tmp/alt0414_63330097925200247.dir/0007_timer_0_gen//sys_timer_0_component_configuration.pl  --do_build_sim=1    --sim_dir=/tmp/alt0414_63330097925200247.dir/0007_timer_0_gen/  ]
Info: timer_0: Done RTL generation for module 'sys_timer_0'
Info: timer_0: "sys" instantiated altera_avalon_timer "timer_0"
Info: mm_interconnect_0: "sys" instantiated altera_mm_interconnect "mm_interconnect_0"
Info: avalon_st_adapter: Inserting error_adapter: error_adapter_0
Info: avalon_st_adapter_001: Inserting error_adapter: error_adapter_0
Info: avalon_st_adapter_002: Inserting error_adapter: error_adapter_0
Info: avalon_st_adapter_003: Inserting error_adapter: error_adapter_0
Info: avalon_st_adapter_004: Inserting error_adapter: error_adapter_0
Info: avalon_st_adapter_005: Inserting error_adapter: error_adapter_0
Info: avalon_st_adapter_006: Inserting error_adapter: error_adapter_0
Info: avalon_st_adapter_007: Inserting error_adapter: error_adapter_0
Info: avalon_st_adapter_008: Inserting error_adapter: error_adapter_0
Info: avalon_st_adapter_009: Inserting error_adapter: error_adapter_0
Info: avalon_st_adapter_010: Inserting error_adapter: error_adapter_0
Info: avalon_st_adapter_011: Inserting error_adapter: error_adapter_0
Info: avalon_st_adapter_012: Inserting error_adapter: error_adapter_0
Info: avalon_st_adapter_013: Inserting error_adapter: error_adapter_0
Info: mm_interconnect_1: "sys" instantiated altera_mm_interconnect "mm_interconnect_1"
Info: irq_mapper: "sys" instantiated altera_irq_mapper "irq_mapper"
Info: rst_controller: "sys" instantiated altera_reset_controller "rst_controller"
Info: jtag_phy_embedded_in_jtag_master: "master_0" instantiated altera_jtag_dc_streaming "jtag_phy_embedded_in_jtag_master"
Info: timing_adt: "master_0" instantiated timing_adapter "timing_adt"
Info: fifo: "master_0" instantiated altera_avalon_sc_fifo "fifo"
Info: b2p: "master_0" instantiated altera_avalon_st_bytes_to_packets "b2p"
Info: p2b: "master_0" instantiated altera_avalon_st_packets_to_bytes "p2b"
Info: transacto: "master_0" instantiated altera_avalon_packets_to_master "transacto"
Info: b2p_adapter: "master_0" instantiated channel_adapter "b2p_adapter"
Info: p2b_adapter: "master_0" instantiated channel_adapter "p2b_adapter"
Info: pulpino_0_avalon_master_instr_translator: "mm_interconnect_0" instantiated altera_merlin_master_translator "pulpino_0_avalon_master_instr_translator"
Info: onchip_memory2_0_s1_translator: "mm_interconnect_0" instantiated altera_merlin_slave_translator "onchip_memory2_0_s1_translator"
Info: pulpino_0_avalon_master_lsu_agent: "mm_interconnect_1" instantiated altera_merlin_master_agent "pulpino_0_avalon_master_lsu_agent"
Info: jtag_uart_0_avalon_jtag_slave_agent: "mm_interconnect_1" instantiated altera_merlin_slave_agent "jtag_uart_0_avalon_jtag_slave_agent"
Info: router: "mm_interconnect_1" instantiated altera_merlin_router "router"
Info: router_001: "mm_interconnect_1" instantiated altera_merlin_router "router_001"
Info: router_002: "mm_interconnect_1" instantiated altera_merlin_router "router_002"
Info: router_014: "mm_interconnect_1" instantiated altera_merlin_router "router_014"
Info: router_015: "mm_interconnect_1" instantiated altera_merlin_router "router_015"
Info: pulpino_0_avalon_master_lsu_limiter: "mm_interconnect_1" instantiated altera_merlin_traffic_limiter "pulpino_0_avalon_master_lsu_limiter"
Info: Reusing file /home/jvctr/0/POLIno_qsys/quartus_project/sys/simulation/submodules/altera_avalon_sc_fifo.v
Info: Reusing file /home/jvctr/0/POLIno_qsys/quartus_project/sys/simulation/submodules/altera_avalon_st_pipeline_base.v
Info: cmd_demux: "mm_interconnect_1" instantiated altera_merlin_demultiplexer "cmd_demux"
Info: cmd_demux_001: "mm_interconnect_1" instantiated altera_merlin_demultiplexer "cmd_demux_001"
Info: cmd_mux: "mm_interconnect_1" instantiated altera_merlin_multiplexer "cmd_mux"
Info: cmd_mux_012: "mm_interconnect_1" instantiated altera_merlin_multiplexer "cmd_mux_012"
Info: Reusing file /home/jvctr/0/POLIno_qsys/quartus_project/sys/simulation/submodules/altera_merlin_arbitrator.sv
Info: rsp_demux: "mm_interconnect_1" instantiated altera_merlin_demultiplexer "rsp_demux"
Info: rsp_demux_012: "mm_interconnect_1" instantiated altera_merlin_demultiplexer "rsp_demux_012"
Info: rsp_mux: "mm_interconnect_1" instantiated altera_merlin_multiplexer "rsp_mux"
Info: Reusing file /home/jvctr/0/POLIno_qsys/quartus_project/sys/simulation/submodules/altera_merlin_arbitrator.sv
Info: rsp_mux_001: "mm_interconnect_1" instantiated altera_merlin_multiplexer "rsp_mux_001"
Info: Reusing file /home/jvctr/0/POLIno_qsys/quartus_project/sys/simulation/submodules/altera_merlin_arbitrator.sv
Info: avalon_st_adapter: "mm_interconnect_1" instantiated altera_avalon_st_adapter "avalon_st_adapter"
Info: error_adapter_0: "avalon_st_adapter" instantiated error_adapter "error_adapter_0"
Info: sys: Done "sys" with 40 modules, 88 files
Info: qsys-generate succeeded.
Info: Finished: Create simulation model
Info: Starting: Create Modelsim Project.
Info: sim-script-gen --spd=/home/jvctr/0/POLIno_qsys/quartus_project/sys/sys.spd --output-directory=/home/jvctr/0/POLIno_qsys/quartus_project/sys/simulation/ --use-relative-paths=true
Info: Doing: ip-make-simscript --spd=/home/jvctr/0/POLIno_qsys/quartus_project/sys/sys.spd --output-directory=/home/jvctr/0/POLIno_qsys/quartus_project/sys/simulation/ --use-relative-paths=true
Info: Generating the following file(s) for VCSMX simulator in /home/jvctr/0/POLIno_qsys/quartus_project/sys/simulation/ directory:
Info: 	synopsys/vcsmx/synopsys_sim.setup
Info: 	synopsys/vcsmx/vcsmx_setup.sh
Info: Generating the following file(s) for RIVIERA simulator in /home/jvctr/0/POLIno_qsys/quartus_project/sys/simulation/ directory:
Info: 	aldec/rivierapro_setup.tcl
Info: Generating the following file(s) for VCS simulator in /home/jvctr/0/POLIno_qsys/quartus_project/sys/simulation/ directory:
Info: 	synopsys/vcs/vcs_setup.sh
Info: Generating the following file(s) for MODELSIM simulator in /home/jvctr/0/POLIno_qsys/quartus_project/sys/simulation/ directory:
Info: 	mentor/msim_setup.tcl
Info: Generating the following file(s) for XCELIUM simulator in /home/jvctr/0/POLIno_qsys/quartus_project/sys/simulation/ directory:
Info: 	xcelium/cds.lib
Info: 	xcelium/hdl.var
Info: 	xcelium/xcelium_setup.sh
Info: 	39 .cds.lib files in xcelium/cds_libs/ directory
Info: For information on how to simulate your IP, see the explanatory comments in the simulator-specific subdirectories under /home/jvctr/0/POLIno_qsys/quartus_project/sys/simulation/.
Info: Regenerate these scripts whenever you make any change to any Quartus-generated IP in your project.
Info: Finished: Create Modelsim Project.
Info: Starting: Create block symbol file (.bsf)
Info: qsys-generate /home/jvctr/0/POLIno_qsys/quartus_project/sys.qsys --block-symbol-file --output-directory=/home/jvctr/0/POLIno_qsys/quartus_project/sys --family="Cyclone V" --part=5CSEMA5F31C6
Progress: Loading quartus_project/sys.qsys
Progress: Reading input file
Progress: Adding GPIO_A_R [altera_avalon_pio 24.1]
Progress: Parameterizing module GPIO_A_R
Progress: Adding GPIO_A_S [altera_avalon_pio 24.1]
Progress: Parameterizing module GPIO_A_S
Progress: Adding GPIO_A_W [altera_avalon_pio 24.1]
Progress: Parameterizing module GPIO_A_W
Progress: Adding GPIO_B_R [altera_avalon_pio 24.1]
Progress: Parameterizing module GPIO_B_R
Progress: Adding GPIO_B_S [altera_avalon_pio 24.1]
Progress: Parameterizing module GPIO_B_S
Progress: Adding GPIO_B_W [altera_avalon_pio 24.1]
Progress: Parameterizing module GPIO_B_W
Progress: Adding GPIO_C0_W [altera_avalon_pio 24.1]
Progress: Parameterizing module GPIO_C0_W
Progress: Adding GPIO_C1_W [altera_avalon_pio 24.1]
Progress: Parameterizing module GPIO_C1_W
Progress: Adding GPIO_C2_W [altera_avalon_pio 24.1]
Progress: Parameterizing module GPIO_C2_W
Progress: Adding GPIO_C_R [altera_avalon_pio 24.1]
Progress: Parameterizing module GPIO_C_R
Progress: Adding clk_0 [clock_source 24.1]
Progress: Parameterizing module clk_0
Progress: Adding jtag_uart_0 [altera_avalon_jtag_uart 24.1]
Progress: Parameterizing module jtag_uart_0
Progress: Adding master_0 [altera_jtag_avalon_master 24.1]
Progress: Parameterizing module master_0
Progress: Adding onchip_memory2_0 [altera_avalon_onchip_memory2 24.1]
Progress: Parameterizing module onchip_memory2_0
Progress: Adding pulpino_0 [pulpino 1.0]
Progress: Parameterizing module pulpino_0
Progress: Adding timer_0 [altera_avalon_timer 24.1]
Progress: Parameterizing module timer_0
Progress: Building connections
Progress: Parameterizing connections
Progress: Validating
Progress: Done reading input file
Info: sys.GPIO_A_R: PIO inputs are not hardwired in test bench. Undefined values will be read from PIO inputs during simulation.
Info: sys.GPIO_B_R: PIO inputs are not hardwired in test bench. Undefined values will be read from PIO inputs during simulation.
Info: sys.GPIO_C_R: PIO inputs are not hardwired in test bench. Undefined values will be read from PIO inputs during simulation.
Info: sys.jtag_uart_0: JTAG UART IP input clock need to be at least double (2x) the operating frequency of JTAG TCK on board
Info: qsys-generate succeeded.
Info: Finished: Create block symbol file (.bsf)
Info: 
Info: Starting: Create HDL design files for synthesis
Info: qsys-generate /home/jvctr/0/POLIno_qsys/quartus_project/sys.qsys --synthesis=VERILOG --output-directory=/home/jvctr/0/POLIno_qsys/quartus_project/sys/synthesis --family="Cyclone V" --part=5CSEMA5F31C6
Progress: Loading quartus_project/sys.qsys
Progress: Reading input file
Progress: Adding GPIO_A_R [altera_avalon_pio 24.1]
Progress: Parameterizing module GPIO_A_R
Progress: Adding GPIO_A_S [altera_avalon_pio 24.1]
Progress: Parameterizing module GPIO_A_S
Progress: Adding GPIO_A_W [altera_avalon_pio 24.1]
Progress: Parameterizing module GPIO_A_W
Progress: Adding GPIO_B_R [altera_avalon_pio 24.1]
Progress: Parameterizing module GPIO_B_R
Progress: Adding GPIO_B_S [altera_avalon_pio 24.1]
Progress: Parameterizing module GPIO_B_S
Progress: Adding GPIO_B_W [altera_avalon_pio 24.1]
Progress: Parameterizing module GPIO_B_W
Progress: Adding GPIO_C0_W [altera_avalon_pio 24.1]
Progress: Parameterizing module GPIO_C0_W
Progress: Adding GPIO_C1_W [altera_avalon_pio 24.1]
Progress: Parameterizing module GPIO_C1_W
Progress: Adding GPIO_C2_W [altera_avalon_pio 24.1]
Progress: Parameterizing module GPIO_C2_W
Progress: Adding GPIO_C_R [altera_avalon_pio 24.1]
Progress: Parameterizing module GPIO_C_R
Progress: Adding clk_0 [clock_source 24.1]
Progress: Parameterizing module clk_0
Progress: Adding jtag_uart_0 [altera_avalon_jtag_uart 24.1]
Progress: Parameterizing module jtag_uart_0
Progress: Adding master_0 [altera_jtag_avalon_master 24.1]
Progress: Parameterizing module master_0
Progress: Adding onchip_memory2_0 [altera_avalon_onchip_memory2 24.1]
Progress: Parameterizing module onchip_memory2_0
Progress: Adding pulpino_0 [pulpino 1.0]
Progress: Parameterizing module pulpino_0
Progress: Adding timer_0 [altera_avalon_timer 24.1]
Progress: Parameterizing module timer_0
Progress: Building connections
Progress: Parameterizing connections
Progress: Validating
Progress: Done reading input file
Info: sys.GPIO_A_R: PIO inputs are not hardwired in test bench. Undefined values will be read from PIO inputs during simulation.
Info: sys.GPIO_B_R: PIO inputs are not hardwired in test bench. Undefined values will be read from PIO inputs during simulation.
Info: sys.GPIO_C_R: PIO inputs are not hardwired in test bench. Undefined values will be read from PIO inputs during simulation.
Info: sys.jtag_uart_0: JTAG UART IP input clock need to be at least double (2x) the operating frequency of JTAG TCK on board
Info: sys: Generating "sys" for QUARTUS_SYNTH
Info: Interconnect is inserted between master pulpino_0.avalon_master_instr and slave onchip_memory2_0.s1 because the master has address signal 32 bit wide, but the slave is 13 bit wide.
Info: Interconnect is inserted between master pulpino_0.avalon_master_instr and slave onchip_memory2_0.s1 because the master has read signal 1 bit wide, but the slave is 0 bit wide.
Info: Interconnect is inserted between master pulpino_0.avalon_master_instr and slave onchip_memory2_0.s1 because the master has readdatavalid signal 1 bit wide, but the slave is 0 bit wide.
Info: Interconnect is inserted between master pulpino_0.avalon_master_instr and slave onchip_memory2_0.s1 because the master has waitrequest signal 1 bit wide, but the slave is 0 bit wide.
Info: GPIO_A_R: Starting RTL generation for module 'sys_GPIO_A_R'
Info: GPIO_A_R:   Generation command is [exec /opt/intelFPGA/24.1/quartus/linux64/perl/bin/perl -I /opt/intelFPGA/24.1/quartus/linux64/perl/lib -I /opt/intelFPGA/24.1/quartus/sopc_builder/bin/europa -I /opt/intelFPGA/24.1/quartus/sopc_builder/bin -I /opt/intelFPGA/24.1/quartus/../ip/altera/sopc_builder_ip/common -I /opt/intelFPGA/24.1/quartus/../ip/altera/sopc_builder_ip/altera_avalon_pio -- /opt/intelFPGA/24.1/quartus/../ip/altera/sopc_builder_ip/altera_avalon_pio/generate_rtl.pl --name=sys_GPIO_A_R --dir=/tmp/alt0414_63330097925200247.dir/0038_GPIO_A_R_gen/ --quartus_dir=/opt/intelFPGA/24.1/quartus --verilog --config=/tmp/alt0414_63330097925200247.dir/0038_GPIO_A_R_gen//sys_GPIO_A_R_component_configuration.pl  --do_build_sim=0  ]
Info: GPIO_A_R: Done RTL generation for module 'sys_GPIO_A_R'
Info: GPIO_A_R: "sys" instantiated altera_avalon_pio "GPIO_A_R"
Info: GPIO_A_S: Starting RTL generation for module 'sys_GPIO_A_S'
Info: GPIO_A_S:   Generation command is [exec /opt/intelFPGA/24.1/quartus/linux64/perl/bin/perl -I /opt/intelFPGA/24.1/quartus/linux64/perl/lib -I /opt/intelFPGA/24.1/quartus/sopc_builder/bin/europa -I /opt/intelFPGA/24.1/quartus/sopc_builder/bin -I /opt/intelFPGA/24.1/quartus/../ip/altera/sopc_builder_ip/common -I /opt/intelFPGA/24.1/quartus/../ip/altera/sopc_builder_ip/altera_avalon_pio -- /opt/intelFPGA/24.1/quartus/../ip/altera/sopc_builder_ip/altera_avalon_pio/generate_rtl.pl --name=sys_GPIO_A_S --dir=/tmp/alt0414_63330097925200247.dir/0039_GPIO_A_S_gen/ --quartus_dir=/opt/intelFPGA/24.1/quartus --verilog --config=/tmp/alt0414_63330097925200247.dir/0039_GPIO_A_S_gen//sys_GPIO_A_S_component_configuration.pl  --do_build_sim=0  ]
Info: GPIO_A_S: Done RTL generation for module 'sys_GPIO_A_S'
Info: GPIO_A_S: "sys" instantiated altera_avalon_pio "GPIO_A_S"
Info: jtag_uart_0: "sys" instantiated altera_avalon_jtag_uart "jtag_uart_0"
Info: master_0: "sys" instantiated altera_jtag_avalon_master "master_0"
Info: onchip_memory2_0: Starting RTL generation for module 'sys_onchip_memory2_0'
Info: onchip_memory2_0:   Generation command is [exec /opt/intelFPGA/24.1/quartus/linux64/perl/bin/perl -I /opt/intelFPGA/24.1/quartus/linux64/perl/lib -I /opt/intelFPGA/24.1/quartus/sopc_builder/bin/europa -I /opt/intelFPGA/24.1/quartus/sopc_builder/bin -I /opt/intelFPGA/24.1/quartus/../ip/altera/sopc_builder_ip/common -I /opt/intelFPGA/24.1/quartus/../ip/altera/sopc_builder_ip/altera_avalon_onchip_memory2 -- /opt/intelFPGA/24.1/quartus/../ip/altera/sopc_builder_ip/altera_avalon_onchip_memory2/generate_rtl.pl --name=sys_onchip_memory2_0 --dir=/tmp/alt0414_63330097925200247.dir/0041_onchip_memory2_0_gen/ --quartus_dir=/opt/intelFPGA/24.1/quartus --verilog --config=/tmp/alt0414_63330097925200247.dir/0041_onchip_memory2_0_gen//sys_onchip_memory2_0_component_configuration.pl  --do_build_sim=0  ]
Info: onchip_memory2_0: Done RTL generation for module 'sys_onchip_memory2_0'
Info: onchip_memory2_0: "sys" instantiated altera_avalon_onchip_memory2 "onchip_memory2_0"
Info: pulpino_0: "sys" instantiated pulpino "pulpino_0"
Info: timer_0: Starting RTL generation for module 'sys_timer_0'
Info: timer_0:   Generation command is [exec /mnt/ssd2/file_storage/programas_grandes/intelFPGA/24.1/quartus/linux64//perl/bin/perl -I /mnt/ssd2/file_storage/programas_grandes/intelFPGA/24.1/quartus/linux64//perl/lib -I /opt/intelFPGA/24.1/quartus/sopc_builder/bin/europa -I /opt/intelFPGA/24.1/quartus/sopc_builder/bin -I /opt/intelFPGA/24.1/quartus/../ip/altera/sopc_builder_ip/common -I /opt/intelFPGA/24.1/quartus/../ip/altera/sopc_builder_ip/altera_avalon_timer -- /opt/intelFPGA/24.1/quartus/../ip/altera/sopc_builder_ip/altera_avalon_timer/generate_rtl.pl --name=sys_timer_0 --dir=/tmp/alt0414_63330097925200247.dir/0043_timer_0_gen/ --quartus_dir=/opt/intelFPGA/24.1/quartus --verilog --config=/tmp/alt0414_63330097925200247.dir/0043_timer_0_gen//sys_timer_0_component_configuration.pl  --do_build_sim=0  ]
Info: timer_0: Done RTL generation for module 'sys_timer_0'
Info: timer_0: "sys" instantiated altera_avalon_timer "timer_0"
Info: mm_interconnect_0: "sys" instantiated altera_mm_interconnect "mm_interconnect_0"
Info: avalon_st_adapter: Inserting error_adapter: error_adapter_0
Info: avalon_st_adapter_001: Inserting error_adapter: error_adapter_0
Info: avalon_st_adapter_002: Inserting error_adapter: error_adapter_0
Info: avalon_st_adapter_003: Inserting error_adapter: error_adapter_0
Info: avalon_st_adapter_004: Inserting error_adapter: error_adapter_0
Info: avalon_st_adapter_005: Inserting error_adapter: error_adapter_0
Info: avalon_st_adapter_006: Inserting error_adapter: error_adapter_0
Info: avalon_st_adapter_007: Inserting error_adapter: error_adapter_0
Info: avalon_st_adapter_008: Inserting error_adapter: error_adapter_0
Info: avalon_st_adapter_009: Inserting error_adapter: error_adapter_0
Info: avalon_st_adapter_010: Inserting error_adapter: error_adapter_0
Info: avalon_st_adapter_011: Inserting error_adapter: error_adapter_0
Info: avalon_st_adapter_012: Inserting error_adapter: error_adapter_0
Info: avalon_st_adapter_013: Inserting error_adapter: error_adapter_0
Info: mm_interconnect_1: "sys" instantiated altera_mm_interconnect "mm_interconnect_1"
Info: irq_mapper: "sys" instantiated altera_irq_mapper "irq_mapper"
Info: rst_controller: "sys" instantiated altera_reset_controller "rst_controller"
Info: jtag_phy_embedded_in_jtag_master: "master_0" instantiated altera_jtag_dc_streaming "jtag_phy_embedded_in_jtag_master"
Info: timing_adt: "master_0" instantiated timing_adapter "timing_adt"
Info: fifo: "master_0" instantiated altera_avalon_sc_fifo "fifo"
Info: b2p: "master_0" instantiated altera_avalon_st_bytes_to_packets "b2p"
Info: p2b: "master_0" instantiated altera_avalon_st_packets_to_bytes "p2b"
Info: transacto: "master_0" instantiated altera_avalon_packets_to_master "transacto"
Info: b2p_adapter: "master_0" instantiated channel_adapter "b2p_adapter"
Info: p2b_adapter: "master_0" instantiated channel_adapter "p2b_adapter"
Info: pulpino_0_avalon_master_instr_translator: "mm_interconnect_0" instantiated altera_merlin_master_translator "pulpino_0_avalon_master_instr_translator"
Info: onchip_memory2_0_s1_translator: "mm_interconnect_0" instantiated altera_merlin_slave_translator "onchip_memory2_0_s1_translator"
Info: pulpino_0_avalon_master_lsu_agent: "mm_interconnect_1" instantiated altera_merlin_master_agent "pulpino_0_avalon_master_lsu_agent"
Info: jtag_uart_0_avalon_jtag_slave_agent: "mm_interconnect_1" instantiated altera_merlin_slave_agent "jtag_uart_0_avalon_jtag_slave_agent"
Info: router: "mm_interconnect_1" instantiated altera_merlin_router "router"
Info: router_001: "mm_interconnect_1" instantiated altera_merlin_router "router_001"
Info: router_002: "mm_interconnect_1" instantiated altera_merlin_router "router_002"
Info: router_014: "mm_interconnect_1" instantiated altera_merlin_router "router_014"
Info: router_015: "mm_interconnect_1" instantiated altera_merlin_router "router_015"
Info: pulpino_0_avalon_master_lsu_limiter: "mm_interconnect_1" instantiated altera_merlin_traffic_limiter "pulpino_0_avalon_master_lsu_limiter"
Info: Reusing file /home/jvctr/0/POLIno_qsys/quartus_project/sys/synthesis/submodules/altera_avalon_sc_fifo.v
Info: Reusing file /home/jvctr/0/POLIno_qsys/quartus_project/sys/synthesis/submodules/altera_avalon_st_pipeline_base.v
Info: cmd_demux: "mm_interconnect_1" instantiated altera_merlin_demultiplexer "cmd_demux"
Info: cmd_demux_001: "mm_interconnect_1" instantiated altera_merlin_demultiplexer "cmd_demux_001"
Info: cmd_mux: "mm_interconnect_1" instantiated altera_merlin_multiplexer "cmd_mux"
Info: cmd_mux_012: "mm_interconnect_1" instantiated altera_merlin_multiplexer "cmd_mux_012"
Info: Reusing file /home/jvctr/0/POLIno_qsys/quartus_project/sys/synthesis/submodules/altera_merlin_arbitrator.sv
Info: rsp_demux: "mm_interconnect_1" instantiated altera_merlin_demultiplexer "rsp_demux"
Info: rsp_demux_012: "mm_interconnect_1" instantiated altera_merlin_demultiplexer "rsp_demux_012"
Info: rsp_mux: "mm_interconnect_1" instantiated altera_merlin_multiplexer "rsp_mux"
Info: Reusing file /home/jvctr/0/POLIno_qsys/quartus_project/sys/synthesis/submodules/altera_merlin_arbitrator.sv
Info: rsp_mux_001: "mm_interconnect_1" instantiated altera_merlin_multiplexer "rsp_mux_001"
Info: Reusing file /home/jvctr/0/POLIno_qsys/quartus_project/sys/synthesis/submodules/altera_merlin_arbitrator.sv
Info: avalon_st_adapter: "mm_interconnect_1" instantiated altera_avalon_st_adapter "avalon_st_adapter"
Info: error_adapter_0: "avalon_st_adapter" instantiated error_adapter "error_adapter_0"
Info: sys: Done "sys" with 40 modules, 88 files
Info: qsys-generate succeeded.
Info: Finished: Create HDL design files for synthesis
